<?xml version="1.0" encoding="UTF-8"?>
<!-- Generated by org.testng.reporters.JUnitXMLReporter -->
<testsuite ignored="18" hostname="DESKTOP-93B8F71" failures="0" tests="6" name="Smoke" time="70.058" errors="0" timestamp="2022-04-06T10:39:19 EDT">
  <testcase classname="com.mystore.testcases.LoginPageTest" name="loginTest" time="18.841"/>
  <testcase classname="com.mystore.testcases.IndexPageTest" name="verifyLogo" time="0.067"/>
  <testcase classname="com.mystore.testcases.IndexPageTest" name="verifyTitle" time="0.016"/>
  <testcase classname="com.mystore.testcases.SearchResultPageTest" name="productAvailiabilityTest" time="1.26"/>
  <testcase classname="com.mystore.testcases.HomePageTest" name="orderHistoryandDetailsTest" time="8.63"/>
  <testcase classname="com.mystore.testcases.HomePageTest" name="wishListTest" time="5.527"/>
  <testcase classname="com.mystore.base.BaseClass" name="@AfterSuite afterSuite" time="0.0">
    <ignored/>
  </testcase> <!-- @AfterSuite afterSuite -->
  <testcase classname="com.mystore.base.BaseClass" name="@AfterSuite afterSuite" time="0.0">
    <ignored/>
  </testcase> <!-- @AfterSuite afterSuite -->
  <testcase classname="com.mystore.testcases.EndToEndTest" name="endToEndTest" time="0.0">
    <ignored/>
  </testcase> <!-- endToEndTest -->
  <testcase classname="com.mystore.base.BaseClass" name="@BeforeSuite loadConfig" time="0.0">
    <ignored/>
  </testcase> <!-- @BeforeSuite loadConfig -->
  <testcase classname="com.mystore.base.BaseClass" name="@AfterSuite afterSuite" time="0.0">
    <ignored/>
  </testcase> <!-- @AfterSuite afterSuite -->
  <testcase classname="com.mystore.base.BaseClass" name="@AfterSuite afterSuite" time="0.0">
    <ignored/>
  </testcase> <!-- @AfterSuite afterSuite -->
  <testcase classname="com.mystore.testcases.OrderPageTest" name="verifyTotalPrice" time="0.0">
    <ignored/>
  </testcase> <!-- verifyTotalPrice -->
  <testcase classname="com.mystore.testcases.AddToCartPageTest" name="addToCartTest" time="0.0">
    <ignored/>
  </testcase> <!-- addToCartTest -->
  <testcase classname="com.mystore.base.BaseClass" name="@BeforeSuite loadConfig" time="0.0">
    <ignored/>
  </testcase> <!-- @BeforeSuite loadConfig -->
  <testcase classname="com.mystore.base.BaseClass" name="@BeforeSuite loadConfig" time="0.0">
    <ignored/>
  </testcase> <!-- @BeforeSuite loadConfig -->
  <testcase classname="com.mystore.testcases.AccountCreationPageTest" name="verifyAccountCreationPageTest" time="0.0">
    <ignored/>
  </testcase> <!-- verifyAccountCreationPageTest -->
  <testcase classname="com.mystore.base.BaseClass" name="@BeforeSuite loadConfig" time="0.0">
    <ignored/>
  </testcase> <!-- @BeforeSuite loadConfig -->
  <testcase classname="com.mystore.base.BaseClass" name="@AfterSuite afterSuite" time="0.0">
    <ignored/>
  </testcase> <!-- @AfterSuite afterSuite -->
  <testcase classname="com.mystore.base.BaseClass" name="@BeforeSuite loadConfig" time="0.0">
    <ignored/>
  </testcase> <!-- @BeforeSuite loadConfig -->
  <testcase classname="com.mystore.base.BaseClass" name="@BeforeSuite loadConfig" time="0.0">
    <ignored/>
  </testcase> <!-- @BeforeSuite loadConfig -->
  <testcase classname="com.mystore.base.BaseClass" name="@AfterSuite afterSuite" time="0.0">
    <ignored/>
  </testcase> <!-- @AfterSuite afterSuite -->
  <testcase classname="com.mystore.base.BaseClass" name="@AfterSuite afterSuite" time="0.0">
    <ignored/>
  </testcase> <!-- @AfterSuite afterSuite -->
  <testcase classname="com.mystore.base.BaseClass" name="@BeforeSuite loadConfig" time="0.0">
    <ignored/>
  </testcase> <!-- @BeforeSuite loadConfig -->
</testsuite> <!-- Smoke -->
