<?xml version="1.0" encoding="UTF-8"?>
<testng-results ignored="21" total="27" passed="6" failed="0" skipped="0">
  <reporter-output>
  </reporter-output>
  <suite started-at="2022-04-10T13:01:11 EDT" name="Suite" finished-at="2022-04-10T13:02:39 EDT" duration-ms="88146">
    <groups>
      <group name="Sanity">
        <method signature="AddToCartPageTest.addToCartTest(java.lang.String,java.lang.String,java.lang.String)[pri:0, instance:com.mystore.testcases.AddToCartPageTest@707194ba]" name="addToCartTest" class="com.mystore.testcases.AddToCartPageTest"/>
      </group> <!-- Sanity -->
      <group name="Regression">
        <method signature="AccountCreationPageTest.createAccountTest(java.util.HashMap)[pri:0, instance:com.mystore.testcases.AccountCreationPageTest@7b98f307]" name="createAccountTest" class="com.mystore.testcases.AccountCreationPageTest"/>
        <method signature="AddToCartPageTest.addToCartTest(java.lang.String,java.lang.String,java.lang.String)[pri:0, instance:com.mystore.testcases.AddToCartPageTest@707194ba]" name="addToCartTest" class="com.mystore.testcases.AddToCartPageTest"/>
        <method signature="EndToEndTest.endToEndTest(java.lang.String,java.lang.String,java.lang.String)[pri:0, instance:com.mystore.testcases.EndToEndTest@71d44a3]" name="endToEndTest" class="com.mystore.testcases.EndToEndTest"/>
        <method signature="OrderPageTest.verifyTotalPrice(java.lang.String,java.lang.String,java.lang.String)[pri:0, instance:com.mystore.testcases.OrderPageTest@75db5df9]" name="verifyTotalPrice" class="com.mystore.testcases.OrderPageTest"/>
      </group> <!-- Regression -->
    </groups>
    <test started-at="2022-04-10T13:01:11 EDT" name="Regression" finished-at="2022-04-10T13:02:39 EDT" duration-ms="88146">
      <class name="com.mystore.testcases.AccountCreationPageTest">
        <test-method is-config="true" signature="setup(java.lang.String)[pri:0, instance:com.mystore.testcases.AccountCreationPageTest@7b98f307]" started-at="2022-04-10T13:01:44 EDT" name="setup" finished-at="2022-04-10T13:01:47 EDT" duration-ms="2664" status="PASS">
          <params>
            <param index="0">
              <value>
                <![CDATA[Chrome]]>
              </value>
            </param>
          </params>
          <reporter-output>
          </reporter-output>
        </test-method> <!-- setup -->
        <test-method signature="createAccountTest(java.util.HashMap)[pri:0, instance:com.mystore.testcases.AccountCreationPageTest@7b98f307]" started-at="2022-04-10T13:01:47 EDT" name="createAccountTest" data-provider="newAcountDetailsData" finished-at="2022-04-10T13:01:53 EDT" duration-ms="6110" status="PASS">
          <params>
            <param index="0">
              <value>
                <![CDATA[{Company=ABCDEF, Email=poyte23@yahoo.com, Address=EDFG123, FirstName=TestUser, Gender=Mr, City=San, MobilePhone=8489875678, Month=7, Year=1985, State=Alabama, Zipcode=91436, Country=United States, LastName=UserTest, SetPassword=hgsdtyf, Day=22}]]>
              </value>
            </param>
          </params>
          <reporter-output>
          </reporter-output>
        </test-method> <!-- createAccountTest -->
        <test-method is-config="true" signature="tearDown()[pri:0, instance:com.mystore.testcases.AccountCreationPageTest@7b98f307]" started-at="2022-04-10T13:01:53 EDT" name="tearDown" finished-at="2022-04-10T13:01:53 EDT" duration-ms="664" status="PASS">
          <reporter-output>
          </reporter-output>
        </test-method> <!-- tearDown -->
        <test-method is-config="true" signature="setup(java.lang.String)[pri:0, instance:com.mystore.testcases.AccountCreationPageTest@7b98f307]" started-at="2022-04-10T13:01:53 EDT" name="setup" finished-at="2022-04-10T13:01:56 EDT" duration-ms="2861" status="PASS">
          <params>
            <param index="0">
              <value>
                <![CDATA[Chrome]]>
              </value>
            </param>
          </params>
          <reporter-output>
          </reporter-output>
        </test-method> <!-- setup -->
        <test-method signature="createAccountTest(java.util.HashMap)[pri:0, instance:com.mystore.testcases.AccountCreationPageTest@7b98f307]" started-at="2022-04-10T13:01:56 EDT" name="createAccountTest" data-provider="newAcountDetailsData" finished-at="2022-04-10T13:02:07 EDT" duration-ms="10664" status="PASS">
          <params>
            <param index="0">
              <value>
                <![CDATA[{Company=ABCDEF, Email=lkmnbve@gmail.com, Address=EDFG123, FirstName=TestUser, Gender=Mrs, City=San, MobilePhone=8489875678, Month=7, Year=1985, State=Alabama, Zipcode=91436, Country=United States, LastName=UserTest, SetPassword=hgsdtyf, Day=23}]]>
              </value>
            </param>
          </params>
          <reporter-output>
          </reporter-output>
        </test-method> <!-- createAccountTest -->
        <test-method is-config="true" signature="tearDown()[pri:0, instance:com.mystore.testcases.AccountCreationPageTest@7b98f307]" started-at="2022-04-10T13:02:07 EDT" name="tearDown" finished-at="2022-04-10T13:02:08 EDT" duration-ms="671" status="PASS">
          <reporter-output>
          </reporter-output>
        </test-method> <!-- tearDown -->
        <test-method is-config="true" signature="setup(java.lang.String)[pri:0, instance:com.mystore.testcases.AccountCreationPageTest@7b98f307]" started-at="2022-04-10T13:02:08 EDT" name="setup" finished-at="2022-04-10T13:02:11 EDT" duration-ms="2992" status="PASS">
          <params>
            <param index="0">
              <value>
                <![CDATA[Chrome]]>
              </value>
            </param>
          </params>
          <reporter-output>
          </reporter-output>
        </test-method> <!-- setup -->
        <test-method signature="createAccountTest(java.util.HashMap)[pri:0, instance:com.mystore.testcases.AccountCreationPageTest@7b98f307]" started-at="2022-04-10T13:02:11 EDT" name="createAccountTest" data-provider="newAcountDetailsData" finished-at="2022-04-10T13:02:17 EDT" duration-ms="6847" status="PASS">
          <params>
            <param index="0">
              <value>
                <![CDATA[{Company=ABCDEF, Email=utebvcx@gmail.com, Address=EDFG123, FirstName=TestUser, Gender=Mrs, City=San, MobilePhone=8489875678, Month=7, Year=1985, State=Alabama, Zipcode=91436, Country=United States, LastName=UserTest, SetPassword=hgsdtyf, Day=30}]]>
              </value>
            </param>
          </params>
          <reporter-output>
          </reporter-output>
        </test-method> <!-- createAccountTest -->
        <test-method is-config="true" signature="tearDown()[pri:0, instance:com.mystore.testcases.AccountCreationPageTest@7b98f307]" started-at="2022-04-10T13:02:17 EDT" name="tearDown" finished-at="2022-04-10T13:02:18 EDT" duration-ms="641" status="PASS">
          <reporter-output>
          </reporter-output>
        </test-method> <!-- tearDown -->
      </class> <!-- com.mystore.testcases.AccountCreationPageTest -->
      <class name="com.mystore.testcases.EndToEndTest">
        <test-method is-config="true" signature="setup(java.lang.String)[pri:0, instance:com.mystore.testcases.EndToEndTest@71d44a3]" started-at="2022-04-10T13:01:12 EDT" name="setup" finished-at="2022-04-10T13:01:18 EDT" duration-ms="6387" status="PASS">
          <params>
            <param index="0">
              <value>
                <![CDATA[Chrome]]>
              </value>
            </param>
          </params>
          <reporter-output>
          </reporter-output>
        </test-method> <!-- setup -->
        <test-method signature="endToEndTest(java.lang.String,java.lang.String,java.lang.String)[pri:0, instance:com.mystore.testcases.EndToEndTest@71d44a3]" started-at="2022-04-10T13:01:18 EDT" name="endToEndTest" data-provider="ProductDetails" finished-at="2022-04-10T13:01:43 EDT" duration-ms="24915" status="PASS">
          <params>
            <param index="0">
              <value>
                <![CDATA[t-shirt]]>
              </value>
            </param>
            <param index="1">
              <value>
                <![CDATA[2.0]]>
              </value>
            </param>
            <param index="2">
              <value>
                <![CDATA[M]]>
              </value>
            </param>
          </params>
          <reporter-output>
          </reporter-output>
        </test-method> <!-- endToEndTest -->
        <test-method is-config="true" signature="tearDown()[pri:0, instance:com.mystore.testcases.EndToEndTest@71d44a3]" started-at="2022-04-10T13:01:43 EDT" name="tearDown" finished-at="2022-04-10T13:01:44 EDT" duration-ms="656" status="PASS">
          <reporter-output>
          </reporter-output>
        </test-method> <!-- tearDown -->
      </class> <!-- com.mystore.testcases.EndToEndTest -->
      <class name="com.mystore.testcases.AddToCartPageTest">
        <test-method is-config="true" signature="setup(java.lang.String)[pri:0, instance:com.mystore.testcases.AddToCartPageTest@707194ba]" started-at="2022-04-10T13:02:31 EDT" name="setup" finished-at="2022-04-10T13:02:34 EDT" duration-ms="2974" status="PASS">
          <params>
            <param index="0">
              <value>
                <![CDATA[Chrome]]>
              </value>
            </param>
          </params>
          <reporter-output>
          </reporter-output>
        </test-method> <!-- setup -->
        <test-method signature="addToCartTest(java.lang.String,java.lang.String,java.lang.String)[pri:0, instance:com.mystore.testcases.AddToCartPageTest@707194ba]" started-at="2022-04-10T13:02:34 EDT" name="addToCartTest" data-provider="ProductDetails" finished-at="2022-04-10T13:02:38 EDT" duration-ms="4547" status="PASS">
          <params>
            <param index="0">
              <value>
                <![CDATA[t-shirt]]>
              </value>
            </param>
            <param index="1">
              <value>
                <![CDATA[2.0]]>
              </value>
            </param>
            <param index="2">
              <value>
                <![CDATA[M]]>
              </value>
            </param>
          </params>
          <reporter-output>
          </reporter-output>
        </test-method> <!-- addToCartTest -->
        <test-method is-config="true" signature="tearDown()[pri:0, instance:com.mystore.testcases.AddToCartPageTest@707194ba]" started-at="2022-04-10T13:02:38 EDT" name="tearDown" finished-at="2022-04-10T13:02:39 EDT" duration-ms="665" status="PASS">
          <reporter-output>
          </reporter-output>
        </test-method> <!-- tearDown -->
      </class> <!-- com.mystore.testcases.AddToCartPageTest -->
      <class name="com.mystore.testcases.OrderPageTest">
        <test-method is-config="true" signature="setup(java.lang.String)[pri:0, instance:com.mystore.testcases.OrderPageTest@75db5df9]" started-at="2022-04-10T13:02:18 EDT" name="setup" finished-at="2022-04-10T13:02:21 EDT" duration-ms="3295" status="PASS">
          <params>
            <param index="0">
              <value>
                <![CDATA[Chrome]]>
              </value>
            </param>
          </params>
          <reporter-output>
          </reporter-output>
        </test-method> <!-- setup -->
        <test-method signature="verifyTotalPrice(java.lang.String,java.lang.String,java.lang.String)[pri:0, instance:com.mystore.testcases.OrderPageTest@75db5df9]" started-at="2022-04-10T13:02:21 EDT" name="verifyTotalPrice" data-provider="ProductDetails" finished-at="2022-04-10T13:02:30 EDT" duration-ms="8558" status="PASS">
          <params>
            <param index="0">
              <value>
                <![CDATA[t-shirt]]>
              </value>
            </param>
            <param index="1">
              <value>
                <![CDATA[2.0]]>
              </value>
            </param>
            <param index="2">
              <value>
                <![CDATA[M]]>
              </value>
            </param>
          </params>
          <reporter-output>
          </reporter-output>
        </test-method> <!-- verifyTotalPrice -->
        <test-method is-config="true" signature="tearDown()[pri:0, instance:com.mystore.testcases.OrderPageTest@75db5df9]" started-at="2022-04-10T13:02:30 EDT" name="tearDown" finished-at="2022-04-10T13:02:31 EDT" duration-ms="689" status="PASS">
          <reporter-output>
          </reporter-output>
        </test-method> <!-- tearDown -->
      </class> <!-- com.mystore.testcases.OrderPageTest -->
      <class name="com.mystore.testcases.LoginPageTest">
        <test-method is-config="true" signature="loadConfig()[pri:0, instance:com.mystore.testcases.LoginPageTest@55141def]" started-at="2022-04-10T13:01:11 EDT" name="loadConfig" finished-at="2022-04-10T13:01:11 EDT" duration-ms="217" status="PASS">
          <reporter-output>
          </reporter-output>
        </test-method> <!-- loadConfig -->
        <test-method is-config="true" signature="afterSuite()[pri:0, instance:com.mystore.testcases.LoginPageTest@55141def]" started-at="2022-04-10T13:02:39 EDT" name="afterSuite" finished-at="2022-04-10T13:02:39 EDT" duration-ms="401" status="PASS">
          <reporter-output>
          </reporter-output>
        </test-method> <!-- afterSuite -->
      </class> <!-- com.mystore.testcases.LoginPageTest -->
    </test> <!-- Regression -->
  </suite> <!-- Suite -->
</testng-results>
